Start testing: May 22 17:23 EDT
----------------------------------------------------------
1/2 Testing: UnitTests.BasicAssertions
1/2 Test: UnitTests.BasicAssertions
Command: "/home/sam/development/boidsECS/test/build/Release/bin/boidsECSTests" "--gtest_filter=UnitTests.BasicAssertions" "--gtest_also_run_disabled_tests"
Directory: /home/sam/development/boidsECS/test/build/Release
"UnitTests.BasicAssertions" start time: May 22 17:23 EDT
Output:
----------------------------------------------------------
Running main() from /home/sam/.conan/data/gtest/1.10.0/_/_/build/c9ffaa3b053b7fe4fad3fd29d3cc81b426a80758/source_subfolder/googletest/src/gtest_main.cc
Note: Google Test filter = UnitTests.BasicAssertions
[==========] Running 1 test from 1 test suite.
[----------] Global test environment set-up.
[----------] 1 test from UnitTests
[ RUN      ] UnitTests.BasicAssertions
[       OK ] UnitTests.BasicAssertions (0 ms)
[----------] 1 test from UnitTests (0 ms total)

[----------] Global test environment tear-down
[==========] 1 test from 1 test suite ran. (2 ms total)
[  PASSED  ] 1 test.
<end of output>
Test time =   0.01 sec
----------------------------------------------------------
Test Passed.
"UnitTests.BasicAssertions" end time: May 22 17:23 EDT
"UnitTests.BasicAssertions" time elapsed: 00:00:00
----------------------------------------------------------

2/2 Testing: GMetaTests.remove_first_T_from_pack_t
2/2 Test: GMetaTests.remove_first_T_from_pack_t
Command: "/home/sam/development/boidsECS/test/build/Release/bin/boidsECSTests" "--gtest_filter=GMetaTests.remove_first_T_from_pack_t" "--gtest_also_run_disabled_tests"
Directory: /home/sam/development/boidsECS/test/build/Release
"GMetaTests.remove_first_T_from_pack_t" start time: May 22 17:23 EDT
Output:
----------------------------------------------------------
Running main() from /home/sam/.conan/data/gtest/1.10.0/_/_/build/c9ffaa3b053b7fe4fad3fd29d3cc81b426a80758/source_subfolder/googletest/src/gtest_main.cc
Note: Google Test filter = GMetaTests.remove_first_T_from_pack_t
[==========] Running 1 test from 1 test suite.
[----------] Global test environment set-up.
[----------] 1 test from GMetaTests
[ RUN      ] GMetaTests.remove_first_T_from_pack_t
/home/sam/development/boidsECS/test/tests.cpp:24: Failure
Expected equality of these values:
  equal
    Which is: false
  true
[  FAILED  ] GMetaTests.remove_first_T_from_pack_t (0 ms)
[----------] 1 test from GMetaTests (0 ms total)

[----------] Global test environment tear-down
[==========] 1 test from 1 test suite ran. (5 ms total)
[  PASSED  ] 0 tests.
[  FAILED  ] 1 test, listed below:
[  FAILED  ] GMetaTests.remove_first_T_from_pack_t

 1 FAILED TEST
<end of output>
Test time =   0.01 sec
----------------------------------------------------------
Test Failed.
"GMetaTests.remove_first_T_from_pack_t" end time: May 22 17:23 EDT
"GMetaTests.remove_first_T_from_pack_t" time elapsed: 00:00:00
----------------------------------------------------------

End testing: May 22 17:23 EDT
